<?xml version="1.0" encoding="UTF-8"?>
<!-- Generated by org.testng.reporters.JUnitXMLReporter -->
<testsuite hostname="mm-PC" name="Test" tests="1" failures="0" timestamp="5 Aug 2019 14:37:03 GMT" time="0.03" errors="0">
  <testcase name="@BeforeSuite launchBro" time="0.0" classname="com.automation.pagescripts.LoginLogoutPageScript">
    <failure type="java.lang.NullPointerException">
      <![CDATA[java.lang.NullPointerException
	at com.automation.base.BaseClass.initBro(BaseClass.java:21)
	at com.automation.pagescripts.LoginLogoutPageScript.launchBro(LoginLogoutPageScript.java:17)
... Removed 18 stack frames]]>
    </failure>
  </testcase> <!-- @BeforeSuite launchBro -->
  <testcase name="@BeforeClass loads" time="0.0" classname="com.automation.pagescripts.LoginLogoutPageScript">
    <skipped/>
  </testcase> <!-- @BeforeClass loads -->
  <testcase name="LogInInValidCredentials" time="0.001" classname="com.automation.pagescripts.LoginLogoutPageScript">
    <skipped/>
  </testcase> <!-- LogInInValidCredentials -->
</testsuite> <!-- Test -->
