<?xml version="1.0" encoding="UTF-8"?>
<testng-results skipped="0" failed="0" total="1" passed="1">
  <reporter-output>
  </reporter-output>
  <suite name="Default suite" duration-ms="19639" started-at="2019-08-06T10:10:23Z" finished-at="2019-08-06T10:10:42Z">
    <groups>
    </groups>
    <test name="Default test" duration-ms="19639" started-at="2019-08-06T10:10:23Z" finished-at="2019-08-06T10:10:42Z">
      <class name="com.automation.pagescripts.ForgotAccPageScript">
        <test-method status="PASS" signature="initBro()[pri:0, instance:com.automation.pagescripts.ForgotAccPageScript@f4468b]" name="initBro" is-config="true" duration-ms="16573" started-at="2019-08-06T15:40:06Z" finished-at="2019-08-06T15:40:23Z">
          <reporter-output>
          </reporter-output>
        </test-method> <!-- initBro -->
        <test-method status="PASS" signature="loads()[pri:0, instance:com.automation.pagescripts.ForgotAccPageScript@f4468b]" name="loads" is-config="true" duration-ms="47" started-at="2019-08-06T15:40:23Z" finished-at="2019-08-06T15:40:23Z">
          <reporter-output>
          </reporter-output>
        </test-method> <!-- loads -->
        <test-method status="PASS" signature="ForgotCredentials()[pri:0, instance:com.automation.pagescripts.ForgotAccPageScript@f4468b]" name="ForgotCredentials" duration-ms="19563" started-at="2019-08-06T15:40:23Z" finished-at="2019-08-06T15:40:42Z">
          <reporter-output>
          </reporter-output>
        </test-method> <!-- ForgotCredentials -->
      </class> <!-- com.automation.pagescripts.ForgotAccPageScript -->
    </test> <!-- Default test -->
  </suite> <!-- Default suite -->
</testng-results>
