<?xml version="1.0" encoding="UTF-8"?>
<testng-results skipped="0" failed="0" total="2" passed="2">
  <reporter-output>
  </reporter-output>
  <suite name="Default suite" duration-ms="2455" started-at="2019-08-07T14:54:29Z" finished-at="2019-08-07T14:54:31Z">
    <groups>
    </groups>
    <test name="Default test" duration-ms="2455" started-at="2019-08-07T14:54:29Z" finished-at="2019-08-07T14:54:31Z">
      <class name="com.automation.pagescripts.CreateAccPageScript">
        <test-method status="PASS" signature="initBro()[pri:0, instance:com.automation.pagescripts.CreateAccPageScript@f4468b]" name="initBro" is-config="true" duration-ms="14741" started-at="2019-08-07T20:24:14Z" finished-at="2019-08-07T20:24:29Z">
          <reporter-output>
          </reporter-output>
        </test-method> <!-- initBro -->
        <test-method status="PASS" signature="loading()[pri:0, instance:com.automation.pagescripts.CreateAccPageScript@f4468b]" name="loading" is-config="true" duration-ms="35" started-at="2019-08-07T20:24:29Z" finished-at="2019-08-07T20:24:29Z">
          <reporter-output>
          </reporter-output>
        </test-method> <!-- loading -->
        <test-method status="PASS" signature="createAccCredentials()[pri:0, instance:com.automation.pagescripts.CreateAccPageScript@f4468b]" name="createAccCredentials" duration-ms="1428" started-at="2019-08-07T20:24:29Z" finished-at="2019-08-07T20:24:30Z">
          <reporter-output>
          </reporter-output>
        </test-method> <!-- createAccCredentials -->
        <test-method status="PASS" signature="birthdayCreadentials()[pri:0, instance:com.automation.pagescripts.CreateAccPageScript@f4468b]" name="birthdayCreadentials" duration-ms="968" started-at="2019-08-07T20:24:30Z" finished-at="2019-08-07T20:24:31Z">
          <reporter-output>
          </reporter-output>
        </test-method> <!-- birthdayCreadentials -->
      </class> <!-- com.automation.pagescripts.CreateAccPageScript -->
    </test> <!-- Default test -->
  </suite> <!-- Default suite -->
</testng-results>
